<?xml version="1.0" encoding="UTF-8"?>
<testng-results ignored="0" total="1" passed="1" failed="0" skipped="0">
  <reporter-output>
  </reporter-output>
  <suite started-at="2024-08-12T22:24:25 SAST" name="Default suite" finished-at="2024-08-12T22:24:50 SAST" duration-ms="24861">
    <groups>
    </groups>
    <test started-at="2024-08-12T22:24:25 SAST" name="Default test" finished-at="2024-08-12T22:24:50 SAST" duration-ms="24861">
      <class name="com.flash.testcases.MainTest">
        <test-method is-config="true" signature="loadConfig()[pri:0, instance:com.flash.testcases.MainTest@6025e1b6]" started-at="2024-08-12T22:24:25 SAST" name="loadConfig" finished-at="2024-08-12T22:24:25 SAST" duration-ms="18" status="PASS">
          <reporter-output>
          </reporter-output>
        </test-method> <!-- loadConfig -->
        <test-method signature="setUp()[pri:0, instance:com.flash.testcases.MainTest@6025e1b6]" started-at="2024-08-12T22:24:25 SAST" name="setUp" finished-at="2024-08-12T22:24:50 SAST" duration-ms="24789" status="PASS">
          <reporter-output>
          </reporter-output>
        </test-method> <!-- setUp -->
      </class> <!-- com.flash.testcases.MainTest -->
    </test> <!-- Default test -->
  </suite> <!-- Default suite -->
</testng-results>
